<?xml version="1.0" encoding="UTF-8"?>
<!-- Generated by org.testng.reporters.JUnitXMLReporter -->
<testsuite ignored="0" hostname="DESKTOP-RK086OU" failures="1" tests="21" name="ToolsQA" time="274.66" errors="0" timestamp="2022-12-24T21:15:13 IST">
  <testcase classname="com.HRM.Testpages.AddEmployee" name="Validate_PrinterSettings" time="0.008"/>
  <testcase classname="com.HRM.Testpages.AddEmployee" name="Validate_ValidSendkeys" time="33.739"/>
  <testcase classname="com.HRM.Testpages.AddEmployee" name="Validate_Addemployee_click" time="1.766">
    <failure type="org.openqa.selenium.ElementClickInterceptedException" message="element click intercepted: Element &amp;lt;button type=&amp;quot;button&amp;quot; class=&amp;quot;oxd-button oxd-button--medium oxd-button--secondary&amp;quot; data-v-7e88b27e=&amp;quot;&amp;quot;&amp;gt;...&amp;lt;/button&amp;gt; is not clickable at point (383, 38). Other element would receive the click: &amp;lt;h6 class=&amp;quot;oxd-text oxd-text--h6 oxd-topbar-header-breadcrumb-level&amp;quot; data-v-7588b244=&amp;quot;&amp;quot; data-v-1c40f28d=&amp;quot;&amp;quot;&amp;gt;...&amp;lt;/h6&amp;gt;
  (Session info: chrome=108.0.5359.125)
Build info: version: &amp;apos;3.141.59&amp;apos;, revision: &amp;apos;e82be7d358&amp;apos;, time: &amp;apos;2018-11-14T08:17:03&amp;apos;
System info: host: &amp;apos;DESKTOP-RK086OU&amp;apos;, ip: &amp;apos;192.168.1.6&amp;apos;, os.name: &amp;apos;Windows 10&amp;apos;, os.arch: &amp;apos;amd64&amp;apos;, os.version: &amp;apos;10.0&amp;apos;, java.version: &amp;apos;17.0.2&amp;apos;
Driver info: org.openqa.selenium.chrome.ChromeDriver
Capabilities {acceptInsecureCerts: false, browserName: chrome, browserVersion: 108.0.5359.125, chrome: {chromedriverVersion: 108.0.5359.71 (1e0e3868ee06..., userDataDir: C:\Users\Ratnam\AppData\Loc...}, goog:chromeOptions: {debuggerAddress: localhost:59900}, javascriptEnabled: true, networkConnectionEnabled: false, pageLoadStrategy: normal, platform: WINDOWS, platformName: WINDOWS, proxy: Proxy(), setWindowRect: true, strictFileInteractability: false, timeouts: {implicit: 0, pageLoad: 300000, script: 30000}, unhandledPromptBehavior: dismiss and notify, webauthn:extension:credBlob: true, webauthn:extension:largeBlob: true, webauthn:virtualAuthenticators: true}
Session ID: c02b128c9de83f4ad7ab1d007b306c2d">
      <![CDATA[org.openqa.selenium.ElementClickInterceptedException: element click intercepted: Element <button type="button" class="oxd-button oxd-button--medium oxd-button--secondary" data-v-7e88b27e="">...</button> is not clickable at point (383, 38). Other element would receive the click: <h6 class="oxd-text oxd-text--h6 oxd-topbar-header-breadcrumb-level" data-v-7588b244="" data-v-1c40f28d="">...</h6>
  (Session info: chrome=108.0.5359.125)
Build info: version: '3.141.59', revision: 'e82be7d358', time: '2018-11-14T08:17:03'
System info: host: 'DESKTOP-RK086OU', ip: '192.168.1.6', os.name: 'Windows 10', os.arch: 'amd64', os.version: '10.0', java.version: '17.0.2'
Driver info: org.openqa.selenium.chrome.ChromeDriver
Capabilities {acceptInsecureCerts: false, browserName: chrome, browserVersion: 108.0.5359.125, chrome: {chromedriverVersion: 108.0.5359.71 (1e0e3868ee06..., userDataDir: C:\Users\Ratnam\AppData\Loc...}, goog:chromeOptions: {debuggerAddress: localhost:59900}, javascriptEnabled: true, networkConnectionEnabled: false, pageLoadStrategy: normal, platform: WINDOWS, platformName: WINDOWS, proxy: Proxy(), setWindowRect: true, strictFileInteractability: false, timeouts: {implicit: 0, pageLoad: 300000, script: 30000}, unhandledPromptBehavior: dismiss and notify, webauthn:extension:credBlob: true, webauthn:extension:largeBlob: true, webauthn:virtualAuthenticators: true}
Session ID: c02b128c9de83f4ad7ab1d007b306c2d
at org.openqa.selenium.remote.http.W3CHttpResponseCodec.createException(W3CHttpResponseCodec.java:187)
at org.openqa.selenium.remote.http.W3CHttpResponseCodec.decode(W3CHttpResponseCodec.java:122)
at org.openqa.selenium.remote.http.W3CHttpResponseCodec.decode(W3CHttpResponseCodec.java:49)
at org.openqa.selenium.remote.HttpCommandExecutor.execute(HttpCommandExecutor.java:158)
at org.openqa.selenium.remote.service.DriverCommandExecutor.execute(DriverCommandExecutor.java:83)
at org.openqa.selenium.remote.RemoteWebDriver.execute(RemoteWebDriver.java:552)
at org.openqa.selenium.remote.RemoteWebElement.execute(RemoteWebElement.java:285)
at org.openqa.selenium.remote.RemoteWebElement.click(RemoteWebElement.java:84)
at com.HRM.locators.addEmployee.Validate_Add_click(addEmployee.java:33)
at com.HRM.Testpages.AddEmployee.Validate_Addemployee_click(AddEmployee.java:37)
at java.base/java.util.ArrayList.forEach(ArrayList.java:1511)
... Removed 32 stack frames]]>
    </failure>
  </testcase> <!-- Validate_Addemployee_click -->
  <testcase classname="com.HRM.Testpages.jobTitle_testPage" name="Validate_PrinterSettings" time="0.001"/>
  <testcase classname="com.HRM.Testpages.jobTitle_testPage" name="Validate_ValidSendkeys" time="24.216"/>
  <testcase classname="com.HRM.Testpages.jobTitle_testPage" name="Validate_headerText" time="8.381"/>
  <testcase classname="com.HRM.Testpages.jobTitle_testPage" name="Validate_JobTitleText" time="8.779"/>
  <testcase classname="com.HRM.Testpages.jobTitle_testPage" name="Validate_PayGradesText" time="8.904"/>
  <testcase classname="com.HRM.Testpages.jobTitle_testPage" name="Validate_Employment_StatusText" time="9.002"/>
  <testcase classname="com.HRM.Testpages.jobTitle_testPage" name="Validate_Job_CategoriesText" time="9.803"/>
  <testcase classname="com.HRM.Testpages.jobTitle_testPage" name="Validate_Work_ShiftsText" time="4.657"/>
  <testcase classname="com.HRM.Testpages.LoginFunctinalityTest" name="Validate_PrinterSettings" time="0.001"/>
  <testcase classname="com.HRM.Testpages.LoginFunctinalityTest" name="Validate_LiginFunctionality" time="6.908"/>
  <testcase classname="com.HRM.Testpages.LoginFunctinalityTest" name="Validate_Sendkeys" time="10.219"/>
  <testcase classname="com.HRM.Testpages.LoginFunctinalityTest" name="Validate_InvalidSendkeys" time="15.539"/>
  <testcase classname="com.HRM.Testpages.LoginFunctinalityTest" name="Validate_SpecialCharSendkeys" time="25.603"/>
  <testcase classname="com.HRM.Testpages.LoginFunctinalityTest" name="Validate_ValidSendkeys" time="15.426"/>
  <testcase classname="com.HRM.Testpages.LoginHome_pageFunctionality_test" name="Validate_PrinterSettings" time="0.001"/>
  <testcase classname="com.HRM.Testpages.LoginHome_pageFunctionality_test" name="Validate_ValidSendkeys" time="16.911"/>
  <testcase classname="com.HRM.Testpages.LoginHome_pageFunctionality_test" name="Validate_HomePageText" time="5.282"/>
  <testcase classname="com.HRM.Testpages.LoginHome_pageFunctionality_test" name="Validate_adminSlide" time="18.485"/>
</testsuite> <!-- ToolsQA -->
