<?xml version="1.0" encoding="UTF-8"?>
<testng-results ignored="0" total="6" passed="5" failed="1" skipped="0">
  <reporter-output>
  </reporter-output>
  <suite started-at="2022-12-26T12:09:07 IST" name="Default suite" finished-at="2022-12-26T12:10:22 IST" duration-ms="74748">
    <groups>
    </groups>
    <test started-at="2022-12-26T12:09:07 IST" name="Default test" finished-at="2022-12-26T12:10:22 IST" duration-ms="74748">
      <class name="com.HRM.Testpages.LoginFunctinalityTest">
        <test-method is-config="true" signature="openbrowser()[pri:0, instance:com.HRM.Testpages.LoginFunctinalityTest@49c7b90e]" started-at="2022-12-26T12:09:07 IST" name="openbrowser" finished-at="2022-12-26T12:09:14 IST" duration-ms="6476" status="PASS">
          <reporter-output>
          </reporter-output>
        </test-method> <!-- openbrowser -->
        <test-method signature="Validate_PrinterSettings()[pri:0, instance:com.HRM.Testpages.LoginFunctinalityTest@49c7b90e]" started-at="2022-12-26T12:09:14 IST" name="Validate_PrinterSettings" finished-at="2022-12-26T12:09:14 IST" duration-ms="9" status="PASS">
          <reporter-output>
          </reporter-output>
        </test-method> <!-- Validate_PrinterSettings -->
        <test-method is-config="true" signature="takeScreenshot(org.testng.ITestResult)[pri:0, instance:com.HRM.Testpages.LoginFunctinalityTest@49c7b90e]" started-at="2022-12-26T12:09:14 IST" name="takeScreenshot" finished-at="2022-12-26T12:09:14 IST" duration-ms="19" status="PASS">
          <params>
            <param index="0">
              <value>
                <![CDATA[[TestResult name=Validate_PrinterSettings status=SUCCESS method=LoginFunctinalityTest.Validate_PrinterSettings()[pri:0, instance:com.HRM.Testpages.LoginFunctinalityTest@49c7b90e] output={null}]]]>
              </value>
            </param>
          </params>
          <reporter-output>
          </reporter-output>
        </test-method> <!-- takeScreenshot -->
        <test-method signature="Validate_LiginFunctionality()[pri:1, instance:com.HRM.Testpages.LoginFunctinalityTest@49c7b90e]" started-at="2022-12-26T12:09:14 IST" name="Validate_LiginFunctionality" finished-at="2022-12-26T12:09:14 IST" duration-ms="29" status="FAIL">
          <exception class="java.lang.NullPointerException">
            <message>
              <![CDATA[Cannot invoke "org.openqa.selenium.WebElement.getText()" because "com.HRM.locators.loginpage.logintext" is null]]>
            </message>
            <full-stacktrace>
              <![CDATA[java.lang.NullPointerException: Cannot invoke "org.openqa.selenium.WebElement.getText()" because "com.HRM.locators.loginpage.logintext" is null
at com.HRM.locators.loginpage.Validate_Logintext(loginpage.java:32)
at com.HRM.Testpages.LoginFunctinalityTest.Validate_LiginFunctionality(LoginFunctinalityTest.java:23)
at java.base/jdk.internal.reflect.NativeMethodAccessorImpl.invoke0(Native Method)
at java.base/jdk.internal.reflect.NativeMethodAccessorImpl.invoke(NativeMethodAccessorImpl.java:77)
at java.base/jdk.internal.reflect.DelegatingMethodAccessorImpl.invoke(DelegatingMethodAccessorImpl.java:43)
at java.base/java.lang.reflect.Method.invoke(Method.java:568)
at org.testng.internal.MethodInvocationHelper.invokeMethod(MethodInvocationHelper.java:133)
at org.testng.internal.TestInvoker.invokeMethod(TestInvoker.java:598)
at org.testng.internal.TestInvoker.invokeTestMethod(TestInvoker.java:173)
at org.testng.internal.MethodRunner.runInSequence(MethodRunner.java:46)
at org.testng.internal.TestInvoker$MethodInvocationAgent.invoke(TestInvoker.java:824)
at org.testng.internal.TestInvoker.invokeTestMethods(TestInvoker.java:146)
at org.testng.internal.TestMethodWorker.invokeTestMethods(TestMethodWorker.java:146)
at org.testng.internal.TestMethodWorker.run(TestMethodWorker.java:128)
at java.base/java.util.ArrayList.forEach(ArrayList.java:1511)
at org.testng.TestRunner.privateRun(TestRunner.java:794)
at org.testng.TestRunner.run(TestRunner.java:596)
at org.testng.SuiteRunner.runTest(SuiteRunner.java:377)
at org.testng.SuiteRunner.runSequentially(SuiteRunner.java:371)
at org.testng.SuiteRunner.privateRun(SuiteRunner.java:332)
at org.testng.SuiteRunner.run(SuiteRunner.java:276)
at org.testng.SuiteRunnerWorker.runSuite(SuiteRunnerWorker.java:53)
at org.testng.SuiteRunnerWorker.run(SuiteRunnerWorker.java:96)
at org.testng.TestNG.runSuitesSequentially(TestNG.java:1212)
at org.testng.TestNG.runSuitesLocally(TestNG.java:1134)
at org.testng.TestNG.runSuites(TestNG.java:1063)
at org.testng.TestNG.run(TestNG.java:1031)
at org.testng.remote.AbstractRemoteTestNG.run(AbstractRemoteTestNG.java:115)
at org.testng.remote.RemoteTestNG.initAndRun(RemoteTestNG.java:251)
at org.testng.remote.RemoteTestNG.main(RemoteTestNG.java:77)
]]>
            </full-stacktrace>
          </exception> <!-- java.lang.NullPointerException -->
          <reporter-output>
          </reporter-output>
        </test-method> <!-- Validate_LiginFunctionality -->
        <test-method is-config="true" signature="takeScreenshot(org.testng.ITestResult)[pri:0, instance:com.HRM.Testpages.LoginFunctinalityTest@49c7b90e]" started-at="2022-12-26T12:09:14 IST" name="takeScreenshot" finished-at="2022-12-26T12:09:14 IST" duration-ms="547" status="PASS">
          <params>
            <param index="0">
              <value>
                <![CDATA[[TestResult name=Validate_LiginFunctionality status=FAILURE method=LoginFunctinalityTest.Validate_LiginFunctionality()[pri:1, instance:com.HRM.Testpages.LoginFunctinalityTest@49c7b90e] output={null}]]]>
              </value>
            </param>
          </params>
          <reporter-output>
          </reporter-output>
        </test-method> <!-- takeScreenshot -->
        <test-method signature="Validate_Sendkeys()[pri:2, instance:com.HRM.Testpages.LoginFunctinalityTest@49c7b90e]" started-at="2022-12-26T12:09:14 IST" name="Validate_Sendkeys" finished-at="2022-12-26T12:09:25 IST" duration-ms="10375" status="PASS">
          <reporter-output>
          </reporter-output>
        </test-method> <!-- Validate_Sendkeys -->
        <test-method is-config="true" signature="takeScreenshot(org.testng.ITestResult)[pri:0, instance:com.HRM.Testpages.LoginFunctinalityTest@49c7b90e]" started-at="2022-12-26T12:09:25 IST" name="takeScreenshot" finished-at="2022-12-26T12:09:25 IST" duration-ms="0" status="PASS">
          <params>
            <param index="0">
              <value>
                <![CDATA[[TestResult name=Validate_Sendkeys status=SUCCESS method=LoginFunctinalityTest.Validate_Sendkeys()[pri:2, instance:com.HRM.Testpages.LoginFunctinalityTest@49c7b90e] output={null}]]]>
              </value>
            </param>
          </params>
          <reporter-output>
          </reporter-output>
        </test-method> <!-- takeScreenshot -->
        <test-method signature="Validate_InvalidSendkeys()[pri:3, instance:com.HRM.Testpages.LoginFunctinalityTest@49c7b90e]" started-at="2022-12-26T12:09:25 IST" name="Validate_InvalidSendkeys" finished-at="2022-12-26T12:09:40 IST" duration-ms="15602" status="PASS">
          <reporter-output>
          </reporter-output>
        </test-method> <!-- Validate_InvalidSendkeys -->
        <test-method is-config="true" signature="takeScreenshot(org.testng.ITestResult)[pri:0, instance:com.HRM.Testpages.LoginFunctinalityTest@49c7b90e]" started-at="2022-12-26T12:09:40 IST" name="takeScreenshot" finished-at="2022-12-26T12:09:40 IST" duration-ms="1" status="PASS">
          <params>
            <param index="0">
              <value>
                <![CDATA[[TestResult name=Validate_InvalidSendkeys status=SUCCESS method=LoginFunctinalityTest.Validate_InvalidSendkeys()[pri:3, instance:com.HRM.Testpages.LoginFunctinalityTest@49c7b90e] output={null}]]]>
              </value>
            </param>
          </params>
          <reporter-output>
          </reporter-output>
        </test-method> <!-- takeScreenshot -->
        <test-method signature="Validate_SpecialCharSendkeys()[pri:4, instance:com.HRM.Testpages.LoginFunctinalityTest@49c7b90e]" started-at="2022-12-26T12:09:40 IST" name="Validate_SpecialCharSendkeys" finished-at="2022-12-26T12:10:06 IST" duration-ms="25766" status="PASS">
          <reporter-output>
          </reporter-output>
        </test-method> <!-- Validate_SpecialCharSendkeys -->
        <test-method is-config="true" signature="takeScreenshot(org.testng.ITestResult)[pri:0, instance:com.HRM.Testpages.LoginFunctinalityTest@49c7b90e]" started-at="2022-12-26T12:10:06 IST" name="takeScreenshot" finished-at="2022-12-26T12:10:06 IST" duration-ms="1" status="PASS">
          <params>
            <param index="0">
              <value>
                <![CDATA[[TestResult name=Validate_SpecialCharSendkeys status=SUCCESS method=LoginFunctinalityTest.Validate_SpecialCharSendkeys()[pri:4, instance:com.HRM.Testpages.LoginFunctinalityTest@49c7b90e] output={null}]]]>
              </value>
            </param>
          </params>
          <reporter-output>
          </reporter-output>
        </test-method> <!-- takeScreenshot -->
        <test-method signature="Validate_ValidSendkeys()[pri:5, instance:com.HRM.Testpages.LoginFunctinalityTest@49c7b90e]" started-at="2022-12-26T12:10:06 IST" name="Validate_ValidSendkeys" finished-at="2022-12-26T12:10:22 IST" duration-ms="15627" status="PASS">
          <reporter-output>
          </reporter-output>
        </test-method> <!-- Validate_ValidSendkeys -->
        <test-method is-config="true" signature="takeScreenshot(org.testng.ITestResult)[pri:0, instance:com.HRM.Testpages.LoginFunctinalityTest@49c7b90e]" started-at="2022-12-26T12:10:22 IST" name="takeScreenshot" finished-at="2022-12-26T12:10:22 IST" duration-ms="0" status="PASS">
          <params>
            <param index="0">
              <value>
                <![CDATA[[TestResult name=Validate_ValidSendkeys status=SUCCESS method=LoginFunctinalityTest.Validate_ValidSendkeys()[pri:5, instance:com.HRM.Testpages.LoginFunctinalityTest@49c7b90e] output={null}]]]>
              </value>
            </param>
          </params>
          <reporter-output>
          </reporter-output>
        </test-method> <!-- takeScreenshot -->
        <test-method is-config="true" signature="Closewindw()[pri:0, instance:com.HRM.Testpages.LoginFunctinalityTest@49c7b90e]" started-at="2022-12-26T12:10:22 IST" name="Closewindw" finished-at="2022-12-26T12:10:22 IST" duration-ms="198" status="PASS">
          <reporter-output>
          </reporter-output>
        </test-method> <!-- Closewindw -->
      </class> <!-- com.HRM.Testpages.LoginFunctinalityTest -->
    </test> <!-- Default test -->
  </suite> <!-- Default suite -->
</testng-results>
